<?xml version="1.0" encoding="UTF-8"?>
<testng-results ignored="0" total="1" passed="1" failed="0" skipped="0">
  <reporter-output>
  </reporter-output>
  <suite started-at="2024-03-30T06:24:33 GMT-07:00" name="Default suite" finished-at="2024-03-30T06:25:26 GMT-07:00" duration-ms="53933">
    <groups>
    </groups>
    <test started-at="2024-03-30T06:24:33 GMT-07:00" name="Default test" finished-at="2024-03-30T06:25:26 GMT-07:00" duration-ms="53933">
      <class name="test.Vistaraofferstest">
        <test-method is-config="true" signature="setup()[pri:0, instance:test.Vistaraofferstest@31fa1761]" started-at="2024-03-30T06:24:33 GMT-07:00" name="setup" finished-at="2024-03-30T06:24:42 GMT-07:00" duration-ms="9136" status="PASS">
          <reporter-output>
          </reporter-output>
        </test-method> <!-- setup -->
        <test-method signature="offers()[pri:0, instance:test.Vistaraofferstest@31fa1761]" started-at="2024-03-30T06:24:42 GMT-07:00" name="offers" finished-at="2024-03-30T06:25:26 GMT-07:00" duration-ms="44673" status="PASS">
          <reporter-output>
          </reporter-output>
        </test-method> <!-- offers -->
      </class> <!-- test.Vistaraofferstest -->
    </test> <!-- Default test -->
  </suite> <!-- Default suite -->
</testng-results>
